sniffing on h165-eth0
got an ID packet
###[ Ethernet ]### 
  dst       = ff:ff:ff:ff:ff:ff
  src       = 00:00:00:00:00:00
  type      = 0x812
###[ Raw ]### 
     load      = '\x0c\x0f\\xf2\\x88\x0c\x0f\\xf2\\x89'



got an GEO packet
###[ Ethernet ]### 
  dst       = ff:ff:ff:ff:ff:ff
  src       = 00:00:00:00:00:00
  type      = 0x8947
###[ Raw ]### 
     load      = '\x00\x00\x00\x00\x00@\x00\x00\x00\x00\x00\x00\x00\x00\x00\x00\x00\x00\x00\x00\x00\x00\x00\x00\x00\x00\x00\x00\x00\x00\x00\x00\x00\x00\x00\x00\x00\x00\x00\x00\x00\x00\x00\x02@O\\xcc\\xcc\x00\x00\x00\x00\x00\x00\x00\x00'























































































































































































x00e\x00\x00\x00f'



got an MF packet
###[ Ethernet ]### 
  dst       = ff:ff:ff:ff:ff:ff
  src       = 00:00:00:00:00:00
  type      = 0x27c0
###[ Raw ]### 
     load      = '\x00\x00\x00\x01\x00\x00\x00e\x00\x00\x00f'



got an NDN packet
###[ Ethernet ]### 
  dst       = ff:ff:ff:ff:ff:ff
  src       = 00:00:00:00:00:00
  type      = 0x8624
###[ Raw ]### 
     load      = '\x06\\xfd\x00 \x08\x0c\x08\x04\x0c\x0f\\xf2\\x89\x08\\x84\x0c\x0f\\xf2\\x88\x1e\x00\x18\x02\x00\x00\x19\x02\x00\x00\x1b\x02\x00\x00\x1a\x02\x08d'



got an NDN packet
###[ Ethernet ]### 
  dst       = ff:ff:ff:ff:ff:ff
  src       = 00:00:00:00:00:00
  type      = 0x8624
###[ Raw ]### 
     load      = '\x06\\xfd\x00 \x08\x0c\x08\x04\x0c\x0f\\xf2\\x89\x08\\x84\x0c\x0f\\xf2\\x88\x1e\x00\x18\x02\x00\x00\x19\x02\x00\x00\x1b\x02\x00\x00\x1a\x02\x08d'



got an IP packet
###[ Ethernet ]### 
  dst       = ff:ff:ff:ff:ff:ff
  src       = 00:00:00:00:02:40
  type      = IPv4
###[ IP ]### 
 





















































































































































































ksum    = 0x1e8e
     src       = 172.20.2.12
     dst       = 172.20.2.13
     \options   \
###[ TCP ]### 
        sport     = 49152
        dport     = 1234
        seq       = 0
        ack       = 0
        dataofs   = 5
        reserved  = 0
        flags     = S
        window    = 8192
        chksum    = 0x6ece
        urgptr    = 0
        options   = ''

























































































































































































