WARNING: Mac address to reach destination not found. Using broadcast.
WARNING: Mac address to reach destination not found. Using broadcast.
modal_type:ip, total_time:1, frequency:1, source_host:h164, destination_host:h165
generate_ip_pkt h164 h165
hostToIPParam h164
hostToIPParam h165
###[ Ethernet ]### 
  dst       = ff:ff:ff:ff:ff:ff
  src       = 00:00:00:00:02:40
  type      = IPv4
###[ IP ]### 
     version   = 4
     ihl       = 5
     tos       = 0x0
     len       = 40
     id        = 1
     flags     = 
     frag      = 0
     ttl       = 64
     proto     = tcp
     chksum    = 0x1e8e
     src       = 172.20.2.12
     dst       = 172.20.2.13
     \options   \
###[ TCP ]### 
        sport     = 49152
        dport     = 1234
        seq       = 0
        ack       = 0
        dataofs   = 5
        reserved  = 0
        flags     = S
        window    = 8192
        chksum    = 0x6ece
        urgptr    = 0
        options   = ''

sending on interface h164-eth0 form h164 to h165, model : ip 
